<?xml version="1.0" encoding="UTF-8" ?>
<testsuite tests="16" failures="0" name="com.zendesk.controller.ticket.TicketSearchControllerTest" time="0.567" errors="0" skipped="0">
  <properties>
    <property name="java.runtime.name" value="Java(TM) SE Runtime Environment"/>
    <property name="sun.boot.library.path" value="C:\Program Files\Java\jdk1.8.0_201\jre\bin"/>
    <property name="java.vm.version" value="25.201-b09"/>
    <property name="java.vm.vendor" value="Oracle Corporation"/>
    <property name="maven.multiModuleProjectDirectory" value="C:\ZendeskChallenge"/>
    <property name="java.vendor.url" value="http://java.oracle.com/"/>
    <property name="path.separator" value=";"/>
    <property name="guice.disable.misplaced.annotation.check" value="true"/>
    <property name="java.vm.name" value="Java HotSpot(TM) 64-Bit Server VM"/>
    <property name="file.encoding.pkg" value="sun.io"/>
    <property name="user.script" value=""/>
    <property name="user.country" value="US"/>
    <property name="sun.java.launcher" value="SUN_STANDARD"/>
    <property name="sun.os.patch.level" value=""/>
    <property name="java.vm.specification.name" value="Java Virtual Machine Specification"/>
    <property name="user.dir" value="C:\ZendeskChallenge"/>
    <property name="java.runtime.version" value="1.8.0_201-b09"/>
    <property name="java.awt.graphicsenv" value="sun.awt.Win32GraphicsEnvironment"/>
    <property name="java.endorsed.dirs" value="C:\Program Files\Java\jdk1.8.0_201\jre\lib\endorsed"/>
    <property name="os.arch" value="amd64"/>
    <property name="java.io.tmpdir" value="C:\Users\joel\AppData\Local\Temp\"/>
    <property name="line.separator" value="
"/>
    <property name="java.vm.specification.vendor" value="Oracle Corporation"/>
    <property name="user.variant" value=""/>
    <property name="os.name" value="Windows 8.1"/>
    <property name="classworlds.conf" value="C:\apache-maven-3.6.0-bin\apache-maven-3.6.0\bin\..\bin\m2.conf"/>
    <property name="sun.jnu.encoding" value="Cp1252"/>
    <property name="java.library.path" value="C:\Program Files\Java\jdk1.8.0_201\bin;C:\WINDOWS\Sun\Java\bin;C:\WINDOWS\system32;C:\WINDOWS;C:\Program Files (x86)\Common Files\Oracle\Java\javapath;C:\WINDOWS\system32;C:\WINDOWS;C:\WINDOWS\System32\Wbem;C:\WINDOWS\System32\WindowsPowerShell\v1.0\;C:\Program Files\Java\jdk1.8.0_201\bin;C:\apache-maven-3.6.0-bin\apache-maven-3.6.0\bin;."/>
    <property name="maven.conf" value="C:\apache-maven-3.6.0-bin\apache-maven-3.6.0\bin\../conf"/>
    <property name="java.specification.name" value="Java Platform API Specification"/>
    <property name="java.class.version" value="52.0"/>
    <property name="sun.management.compiler" value="HotSpot 64-Bit Tiered Compilers"/>
    <property name="os.version" value="6.3"/>
    <property name="library.jansi.path" value="C:\apache-maven-3.6.0-bin\apache-maven-3.6.0\bin\..\lib\jansi-native"/>
    <property name="user.home" value="C:\Users\joel"/>
    <property name="user.timezone" value="Australia/Sydney"/>
    <property name="java.awt.printerjob" value="sun.awt.windows.WPrinterJob"/>
    <property name="java.specification.version" value="1.8"/>
    <property name="file.encoding" value="Cp1252"/>
    <property name="user.name" value="joel"/>
    <property name="java.class.path" value="C:\apache-maven-3.6.0-bin\apache-maven-3.6.0\bin\..\boot\plexus-classworlds-2.5.2.jar"/>
    <property name="java.vm.specification.version" value="1.8"/>
    <property name="sun.arch.data.model" value="64"/>
    <property name="java.home" value="C:\Program Files\Java\jdk1.8.0_201\jre"/>
    <property name="sun.java.command" value="org.codehaus.plexus.classworlds.launcher.Launcher clean install"/>
    <property name="java.specification.vendor" value="Oracle Corporation"/>
    <property name="user.language" value="en"/>
    <property name="awt.toolkit" value="sun.awt.windows.WToolkit"/>
    <property name="java.vm.info" value="mixed mode"/>
    <property name="java.version" value="1.8.0_201"/>
    <property name="java.ext.dirs" value="C:\Program Files\Java\jdk1.8.0_201\jre\lib\ext;C:\WINDOWS\Sun\Java\lib\ext"/>
    <property name="sun.boot.class.path" value="C:\Program Files\Java\jdk1.8.0_201\jre\lib\resources.jar;C:\Program Files\Java\jdk1.8.0_201\jre\lib\rt.jar;C:\Program Files\Java\jdk1.8.0_201\jre\lib\sunrsasign.jar;C:\Program Files\Java\jdk1.8.0_201\jre\lib\jsse.jar;C:\Program Files\Java\jdk1.8.0_201\jre\lib\jce.jar;C:\Program Files\Java\jdk1.8.0_201\jre\lib\charsets.jar;C:\Program Files\Java\jdk1.8.0_201\jre\lib\jfr.jar;C:\Program Files\Java\jdk1.8.0_201\jre\classes"/>
    <property name="sun.stderr.encoding" value="cp437"/>
    <property name="java.vendor" value="Oracle Corporation"/>
    <property name="maven.home" value="C:\apache-maven-3.6.0-bin\apache-maven-3.6.0\bin\.."/>
    <property name="file.separator" value="\"/>
    <property name="java.vendor.url.bug" value="http://bugreport.sun.com/bugreport/"/>
    <property name="sun.cpu.endian" value="little"/>
    <property name="sun.io.unicode.encoding" value="UnicodeLittle"/>
    <property name="sun.stdout.encoding" value="cp437"/>
    <property name="sun.desktop" value="windows"/>
    <property name="sun.cpu.isalist" value="amd64"/>
  </properties>
  <testcase classname="com.zendesk.controller.ticket.TicketSearchControllerTest" name="testPerformSearchForOrganzationId" time="0.022"/>
  <testcase classname="com.zendesk.controller.ticket.TicketSearchControllerTest" name="testPerformSearchForAssigneeId" time="0.009"/>
  <testcase classname="com.zendesk.controller.ticket.TicketSearchControllerTest" name="testPerformSearchForType" time="0.067"/>
  <testcase classname="com.zendesk.controller.ticket.TicketSearchControllerTest" name="testPerformSearchForUrl" time="0.005"/>
  <testcase classname="com.zendesk.controller.ticket.TicketSearchControllerTest" name="testPerformSearchForSubmitterId" time="0.005"/>
  <testcase classname="com.zendesk.controller.ticket.TicketSearchControllerTest" name="testPerformSearchForDueDate" time="0.002"/>
  <testcase classname="com.zendesk.controller.ticket.TicketSearchControllerTest" name="testPerformSearchForSubject" time="0.002"/>
  <testcase classname="com.zendesk.controller.ticket.TicketSearchControllerTest" name="testPerformSearchForHasIncidents" time="0.139"/>
  <testcase classname="com.zendesk.controller.ticket.TicketSearchControllerTest" name="testPerformSearchForPriority" time="0.097"/>
  <testcase classname="com.zendesk.controller.ticket.TicketSearchControllerTest" name="testPerformSearchForDescription" time="0.002"/>
  <testcase classname="com.zendesk.controller.ticket.TicketSearchControllerTest" name="testPerformSearchForStatus" time="0.085"/>
  <testcase classname="com.zendesk.controller.ticket.TicketSearchControllerTest" name="testPerformSearchForVia" time="0.107"/>
  <testcase classname="com.zendesk.controller.ticket.TicketSearchControllerTest" name="testPerformSearchForExternalId" time="0.002"/>
  <testcase classname="com.zendesk.controller.ticket.TicketSearchControllerTest" name="testPerformSearchForCreatedAt" time="0.002"/>
  <testcase classname="com.zendesk.controller.ticket.TicketSearchControllerTest" name="testPerformSearchForTags" time="0.02"/>
  <testcase classname="com.zendesk.controller.ticket.TicketSearchControllerTest" name="testPerformSearchForId" time="0.001"/>
</testsuite>